{"/Users/ishkaramkaur/Senior-Project/server/src/parsers/parserUtils.js": {"path":"/Users/ishkaramkaur/Senior-Project/server/src/parsers/parserUtils.js","all":false,"statementMap":{"0":{"start":{"line":1,"column":0},"end":{"line":1,"column":29}},"1":{"start":{"line":2,"column":0},"end":{"line":2,"column":0}},"2":{"start":{"line":3,"column":0},"end":{"line":3,"column":37}},"3":{"start":{"line":4,"column":0},"end":{"line":4,"column":7}},"4":{"start":{"line":5,"column":0},"end":{"line":5,"column":33}},"5":{"start":{"line":6,"column":0},"end":{"line":6,"column":50}},"6":{"start":{"line":7,"column":0},"end":{"line":7,"column":5}},"7":{"start":{"line":8,"column":0},"end":{"line":8,"column":0}},"8":{"start":{"line":9,"column":0},"end":{"line":9,"column":36}},"9":{"start":{"line":10,"column":0},"end":{"line":10,"column":34}},"10":{"start":{"line":11,"column":0},"end":{"line":11,"column":5}},"11":{"start":{"line":12,"column":0},"end":{"line":12,"column":0}},"12":{"start":{"line":13,"column":0},"end":{"line":13,"column":16}},"13":{"start":{"line":14,"column":0},"end":{"line":14,"column":11}},"14":{"start":{"line":15,"column":0},"end":{"line":15,"column":16}},"15":{"start":{"line":16,"column":0},"end":{"line":16,"column":3}},"16":{"start":{"line":17,"column":0},"end":{"line":17,"column":1}},"17":{"start":{"line":18,"column":0},"end":{"line":18,"column":0}},"18":{"start":{"line":19,"column":0},"end":{"line":19,"column":43}},"19":{"start":{"line":20,"column":0},"end":{"line":20,"column":46}},"20":{"start":{"line":21,"column":0},"end":{"line":21,"column":14}},"21":{"start":{"line":22,"column":0},"end":{"line":22,"column":3}},"22":{"start":{"line":23,"column":0},"end":{"line":23,"column":0}},"23":{"start":{"line":24,"column":0},"end":{"line":24,"column":34}},"24":{"start":{"line":25,"column":0},"end":{"line":25,"column":24}},"25":{"start":{"line":26,"column":0},"end":{"line":26,"column":3}},"26":{"start":{"line":27,"column":0},"end":{"line":27,"column":0}},"27":{"start":{"line":28,"column":0},"end":{"line":28,"column":30}},"28":{"start":{"line":29,"column":0},"end":{"line":29,"column":1}},"29":{"start":{"line":30,"column":0},"end":{"line":30,"column":0}},"30":{"start":{"line":31,"column":0},"end":{"line":31,"column":40}},"31":{"start":{"line":32,"column":0},"end":{"line":32,"column":34}},"32":{"start":{"line":33,"column":0},"end":{"line":33,"column":18}},"33":{"start":{"line":34,"column":0},"end":{"line":34,"column":25}},"34":{"start":{"line":35,"column":0},"end":{"line":35,"column":33}},"35":{"start":{"line":36,"column":0},"end":{"line":36,"column":12}},"36":{"start":{"line":37,"column":0},"end":{"line":37,"column":1}},"37":{"start":{"line":38,"column":0},"end":{"line":38,"column":0}},"38":{"start":{"line":39,"column":0},"end":{"line":39,"column":58}},"39":{"start":{"line":40,"column":0},"end":{"line":40,"column":57}},"40":{"start":{"line":41,"column":0},"end":{"line":41,"column":16}},"41":{"start":{"line":42,"column":0},"end":{"line":42,"column":3}},"42":{"start":{"line":43,"column":0},"end":{"line":43,"column":0}},"43":{"start":{"line":44,"column":0},"end":{"line":44,"column":75}},"44":{"start":{"line":45,"column":0},"end":{"line":45,"column":0}},"45":{"start":{"line":46,"column":0},"end":{"line":46,"column":68}},"46":{"start":{"line":47,"column":0},"end":{"line":47,"column":53}},"47":{"start":{"line":48,"column":0},"end":{"line":48,"column":81}},"48":{"start":{"line":49,"column":0},"end":{"line":49,"column":5}},"49":{"start":{"line":50,"column":0},"end":{"line":50,"column":0}},"50":{"start":{"line":51,"column":0},"end":{"line":51,"column":69}},"51":{"start":{"line":52,"column":0},"end":{"line":52,"column":1}},"52":{"start":{"line":53,"column":0},"end":{"line":53,"column":0}},"53":{"start":{"line":54,"column":0},"end":{"line":54,"column":59}},"54":{"start":{"line":55,"column":0},"end":{"line":55,"column":15}},"55":{"start":{"line":56,"column":0},"end":{"line":56,"column":14}},"56":{"start":{"line":57,"column":0},"end":{"line":57,"column":3}},"57":{"start":{"line":58,"column":0},"end":{"line":58,"column":0}},"58":{"start":{"line":59,"column":0},"end":{"line":59,"column":42}},"59":{"start":{"line":60,"column":0},"end":{"line":60,"column":15}},"60":{"start":{"line":61,"column":0},"end":{"line":61,"column":15}},"61":{"start":{"line":62,"column":0},"end":{"line":62,"column":26}},"62":{"start":{"line":63,"column":0},"end":{"line":63,"column":5}},"63":{"start":{"line":64,"column":0},"end":{"line":64,"column":1}},"64":{"start":{"line":65,"column":0},"end":{"line":65,"column":0}},"65":{"start":{"line":66,"column":0},"end":{"line":66,"column":50}},"66":{"start":{"line":67,"column":0},"end":{"line":67,"column":71}},"67":{"start":{"line":68,"column":0},"end":{"line":68,"column":25}},"68":{"start":{"line":69,"column":0},"end":{"line":69,"column":10}},"69":{"start":{"line":70,"column":0},"end":{"line":70,"column":5}},"70":{"start":{"line":71,"column":0},"end":{"line":71,"column":0}},"71":{"start":{"line":72,"column":0},"end":{"line":72,"column":43}},"72":{"start":{"line":73,"column":0},"end":{"line":73,"column":63}},"73":{"start":{"line":74,"column":0},"end":{"line":74,"column":90}},"74":{"start":{"line":75,"column":0},"end":{"line":75,"column":0}},"75":{"start":{"line":76,"column":0},"end":{"line":76,"column":23}},"76":{"start":{"line":77,"column":0},"end":{"line":77,"column":49}},"77":{"start":{"line":78,"column":0},"end":{"line":78,"column":5}},"78":{"start":{"line":79,"column":0},"end":{"line":79,"column":3}},"79":{"start":{"line":80,"column":0},"end":{"line":80,"column":0}},"80":{"start":{"line":81,"column":0},"end":{"line":81,"column":12}},"81":{"start":{"line":82,"column":0},"end":{"line":82,"column":1}},"82":{"start":{"line":83,"column":0},"end":{"line":83,"column":0}},"83":{"start":{"line":84,"column":0},"end":{"line":84,"column":46}},"84":{"start":{"line":85,"column":0},"end":{"line":85,"column":66}},"85":{"start":{"line":86,"column":0},"end":{"line":86,"column":1}}},"s":{"0":1,"1":1,"2":1,"3":6,"4":6,"5":0,"6":0,"7":6,"8":6,"9":6,"10":6,"11":0,"12":0,"13":6,"14":3,"15":3,"16":6,"17":1,"18":1,"19":5466,"20":0,"21":0,"22":5466,"23":5466,"24":5466,"25":5466,"26":0,"27":0,"28":0,"29":1,"30":1,"31":5237,"32":5237,"33":5237,"34":5237,"35":5237,"36":5237,"37":1,"38":1,"39":2,"40":0,"41":0,"42":2,"43":2,"44":2,"45":2,"46":4,"47":4,"48":2,"49":2,"50":2,"51":2,"52":1,"53":1,"54":5,"55":0,"56":0,"57":5,"58":5,"59":5,"60":5,"61":5,"62":5,"63":5,"64":1,"65":1,"66":236,"67":4762,"68":4762,"69":236,"70":236,"71":236,"72":440,"73":440,"74":440,"75":440,"76":140,"77":140,"78":440,"79":96,"80":96,"81":96,"82":1,"83":1,"84":82,"85":82},"branchMap":{"0":{"type":"branch","line":3,"loc":{"start":{"line":3,"column":7},"end":{"line":17,"column":1}},"locations":[{"start":{"line":3,"column":7},"end":{"line":17,"column":1}}]},"1":{"type":"branch","line":5,"loc":{"start":{"line":5,"column":32},"end":{"line":7,"column":5}},"locations":[{"start":{"line":5,"column":32},"end":{"line":7,"column":5}}]},"2":{"type":"branch","line":11,"loc":{"start":{"line":11,"column":4},"end":{"line":14,"column":4}},"locations":[{"start":{"line":11,"column":4},"end":{"line":14,"column":4}}]},"3":{"type":"branch","line":14,"loc":{"start":{"line":14,"column":4},"end":{"line":16,"column":3}},"locations":[{"start":{"line":14,"column":4},"end":{"line":16,"column":3}}]},"4":{"type":"branch","line":19,"loc":{"start":{"line":19,"column":7},"end":{"line":29,"column":1}},"locations":[{"start":{"line":19,"column":7},"end":{"line":29,"column":1}}]},"5":{"type":"branch","line":20,"loc":{"start":{"line":20,"column":45},"end":{"line":22,"column":3}},"locations":[{"start":{"line":20,"column":45},"end":{"line":22,"column":3}}]},"6":{"type":"branch","line":26,"loc":{"start":{"line":26,"column":2},"end":{"line":29,"column":1}},"locations":[{"start":{"line":26,"column":2},"end":{"line":29,"column":1}}]},"7":{"type":"branch","line":31,"loc":{"start":{"line":31,"column":7},"end":{"line":37,"column":1}},"locations":[{"start":{"line":31,"column":7},"end":{"line":37,"column":1}}]},"8":{"type":"branch","line":39,"loc":{"start":{"line":39,"column":7},"end":{"line":52,"column":1}},"locations":[{"start":{"line":39,"column":7},"end":{"line":52,"column":1}}]},"9":{"type":"branch","line":40,"loc":{"start":{"line":40,"column":56},"end":{"line":42,"column":3}},"locations":[{"start":{"line":40,"column":56},"end":{"line":42,"column":3}}]},"10":{"type":"branch","line":51,"loc":{"start":{"line":51,"column":62},"end":{"line":51,"column":68}},"locations":[{"start":{"line":51,"column":62},"end":{"line":51,"column":68}}]},"11":{"type":"branch","line":44,"loc":{"start":{"line":44,"column":39},"end":{"line":44,"column":73}},"locations":[{"start":{"line":44,"column":39},"end":{"line":44,"column":73}}]},"12":{"type":"branch","line":46,"loc":{"start":{"line":46,"column":52},"end":{"line":49,"column":3}},"locations":[{"start":{"line":46,"column":52},"end":{"line":49,"column":3}}]},"13":{"type":"branch","line":48,"loc":{"start":{"line":48,"column":32},"end":{"line":48,"column":79}},"locations":[{"start":{"line":48,"column":32},"end":{"line":48,"column":79}}]},"14":{"type":"branch","line":54,"loc":{"start":{"line":54,"column":7},"end":{"line":64,"column":1}},"locations":[{"start":{"line":54,"column":7},"end":{"line":64,"column":1}}]},"15":{"type":"branch","line":55,"loc":{"start":{"line":55,"column":14},"end":{"line":57,"column":3}},"locations":[{"start":{"line":55,"column":14},"end":{"line":57,"column":3}}]},"16":{"type":"branch","line":66,"loc":{"start":{"line":66,"column":7},"end":{"line":82,"column":1}},"locations":[{"start":{"line":66,"column":7},"end":{"line":82,"column":1}}]},"17":{"type":"branch","line":72,"loc":{"start":{"line":72,"column":42},"end":{"line":79,"column":3}},"locations":[{"start":{"line":72,"column":42},"end":{"line":79,"column":3}}]},"18":{"type":"branch","line":76,"loc":{"start":{"line":76,"column":22},"end":{"line":78,"column":5}},"locations":[{"start":{"line":76,"column":22},"end":{"line":78,"column":5}}]},"19":{"type":"branch","line":79,"loc":{"start":{"line":79,"column":2},"end":{"line":82,"column":1}},"locations":[{"start":{"line":79,"column":2},"end":{"line":82,"column":1}}]},"20":{"type":"branch","line":67,"loc":{"start":{"line":67,"column":52},"end":{"line":70,"column":3}},"locations":[{"start":{"line":67,"column":52},"end":{"line":70,"column":3}}]},"21":{"type":"branch","line":74,"loc":{"start":{"line":74,"column":48},"end":{"line":74,"column":88}},"locations":[{"start":{"line":74,"column":48},"end":{"line":74,"column":88}}]},"22":{"type":"branch","line":84,"loc":{"start":{"line":84,"column":7},"end":{"line":86,"column":1}},"locations":[{"start":{"line":84,"column":7},"end":{"line":86,"column":1}}]},"23":{"type":"branch","line":85,"loc":{"start":{"line":85,"column":21},"end":{"line":85,"column":64}},"locations":[{"start":{"line":85,"column":21},"end":{"line":85,"column":64}}]}},"b":{"0":[6],"1":[0],"2":[0],"3":[3],"4":[5466],"5":[0],"6":[0],"7":[5237],"8":[2],"9":[0],"10":[0],"11":[7],"12":[4],"13":[6],"14":[5],"15":[0],"16":[236],"17":[440],"18":[140],"19":[96],"20":[4762],"21":[7463],"22":[82],"23":[89]},"fnMap":{"0":{"name":"loadWorkbook","decl":{"start":{"line":3,"column":7},"end":{"line":17,"column":1}},"loc":{"start":{"line":3,"column":7},"end":{"line":17,"column":1}},"line":3},"1":{"name":"normalizeCellValue","decl":{"start":{"line":19,"column":7},"end":{"line":29,"column":1}},"loc":{"start":{"line":19,"column":7},"end":{"line":29,"column":1}},"line":19},"2":{"name":"normalizeHeader","decl":{"start":{"line":31,"column":7},"end":{"line":37,"column":1}},"loc":{"start":{"line":31,"column":7},"end":{"line":37,"column":1}},"line":31},"3":{"name":"findSheetByName","decl":{"start":{"line":39,"column":7},"end":{"line":52,"column":1}},"loc":{"start":{"line":39,"column":7},"end":{"line":52,"column":1}},"line":39},"4":{"name":"sheetToObjects","decl":{"start":{"line":54,"column":7},"end":{"line":64,"column":1}},"loc":{"start":{"line":54,"column":7},"end":{"line":64,"column":1}},"line":54},"5":{"name":"getField","decl":{"start":{"line":66,"column":7},"end":{"line":82,"column":1}},"loc":{"start":{"line":66,"column":7},"end":{"line":82,"column":1}},"line":66},"6":{"name":"isMeaningfulRow","decl":{"start":{"line":84,"column":7},"end":{"line":86,"column":1}},"loc":{"start":{"line":84,"column":7},"end":{"line":86,"column":1}},"line":84}},"f":{"0":6,"1":5466,"2":5237,"3":2,"4":5,"5":236,"6":82}}
,"/Users/ishkaramkaur/Senior-Project/server/src/parsers/scheduleA.js": {"path":"/Users/ishkaramkaur/Senior-Project/server/src/parsers/scheduleA.js","all":false,"statementMap":{"0":{"start":{"line":1,"column":0},"end":{"line":1,"column":8}},"1":{"start":{"line":2,"column":0},"end":{"line":2,"column":18}},"2":{"start":{"line":3,"column":0},"end":{"line":3,"column":11}},"3":{"start":{"line":4,"column":0},"end":{"line":4,"column":18}},"4":{"start":{"line":5,"column":0},"end":{"line":5,"column":15}},"5":{"start":{"line":6,"column":0},"end":{"line":6,"column":17}},"6":{"start":{"line":7,"column":0},"end":{"line":7,"column":26}},"7":{"start":{"line":8,"column":0},"end":{"line":8,"column":0}},"8":{"start":{"line":9,"column":0},"end":{"line":9,"column":39}},"9":{"start":{"line":10,"column":0},"end":{"line":10,"column":39}},"10":{"start":{"line":11,"column":0},"end":{"line":11,"column":0}},"11":{"start":{"line":12,"column":0},"end":{"line":12,"column":18}},"12":{"start":{"line":13,"column":0},"end":{"line":13,"column":14}},"13":{"start":{"line":14,"column":0},"end":{"line":14,"column":3}},"14":{"start":{"line":15,"column":0},"end":{"line":15,"column":0}},"15":{"start":{"line":16,"column":0},"end":{"line":16,"column":43}},"16":{"start":{"line":17,"column":0},"end":{"line":17,"column":18}},"17":{"start":{"line":18,"column":0},"end":{"line":18,"column":19}},"18":{"start":{"line":19,"column":0},"end":{"line":19,"column":17}},"19":{"start":{"line":20,"column":0},"end":{"line":20,"column":20}},"20":{"start":{"line":21,"column":0},"end":{"line":21,"column":18}},"21":{"start":{"line":22,"column":0},"end":{"line":22,"column":5}},"22":{"start":{"line":23,"column":0},"end":{"line":23,"column":0}},"23":{"start":{"line":24,"column":0},"end":{"line":24,"column":15}},"24":{"start":{"line":25,"column":0},"end":{"line":25,"column":14}},"25":{"start":{"line":26,"column":0},"end":{"line":26,"column":3}},"26":{"start":{"line":27,"column":0},"end":{"line":27,"column":0}},"27":{"start":{"line":28,"column":0},"end":{"line":28,"column":41}},"28":{"start":{"line":29,"column":0},"end":{"line":29,"column":21}},"29":{"start":{"line":30,"column":0},"end":{"line":30,"column":0}},"30":{"start":{"line":31,"column":0},"end":{"line":31,"column":31}},"31":{"start":{"line":32,"column":0},"end":{"line":32,"column":38}},"32":{"start":{"line":33,"column":0},"end":{"line":33,"column":32}},"33":{"start":{"line":34,"column":0},"end":{"line":34,"column":27}},"34":{"start":{"line":35,"column":0},"end":{"line":35,"column":24}},"35":{"start":{"line":36,"column":0},"end":{"line":36,"column":20}},"36":{"start":{"line":37,"column":0},"end":{"line":37,"column":13}},"37":{"start":{"line":38,"column":0},"end":{"line":38,"column":7}},"38":{"start":{"line":39,"column":0},"end":{"line":39,"column":0}},"39":{"start":{"line":40,"column":0},"end":{"line":40,"column":43}},"40":{"start":{"line":41,"column":0},"end":{"line":41,"column":26}},"41":{"start":{"line":42,"column":0},"end":{"line":42,"column":14}},"42":{"start":{"line":43,"column":0},"end":{"line":43,"column":12}},"43":{"start":{"line":44,"column":0},"end":{"line":44,"column":7}},"44":{"start":{"line":45,"column":0},"end":{"line":45,"column":0}},"45":{"start":{"line":46,"column":0},"end":{"line":46,"column":46}},"46":{"start":{"line":47,"column":0},"end":{"line":47,"column":29}},"47":{"start":{"line":48,"column":0},"end":{"line":48,"column":27}},"48":{"start":{"line":49,"column":0},"end":{"line":49,"column":24}},"49":{"start":{"line":50,"column":0},"end":{"line":50,"column":7}},"50":{"start":{"line":51,"column":0},"end":{"line":51,"column":0}},"51":{"start":{"line":52,"column":0},"end":{"line":52,"column":78}},"52":{"start":{"line":53,"column":0},"end":{"line":53,"column":15}},"53":{"start":{"line":54,"column":0},"end":{"line":54,"column":5}},"54":{"start":{"line":55,"column":0},"end":{"line":55,"column":0}},"55":{"start":{"line":56,"column":0},"end":{"line":56,"column":18}},"56":{"start":{"line":57,"column":0},"end":{"line":57,"column":17}},"57":{"start":{"line":58,"column":0},"end":{"line":58,"column":22}},"58":{"start":{"line":59,"column":0},"end":{"line":59,"column":25}},"59":{"start":{"line":60,"column":0},"end":{"line":60,"column":7}},"60":{"start":{"line":61,"column":0},"end":{"line":61,"column":3}},"61":{"start":{"line":62,"column":0},"end":{"line":62,"column":0}},"62":{"start":{"line":63,"column":0},"end":{"line":63,"column":17}},"63":{"start":{"line":64,"column":0},"end":{"line":64,"column":1}}},"s":{"0":1,"1":1,"2":1,"3":1,"4":1,"5":1,"6":1,"7":1,"8":1,"9":2,"10":2,"11":2,"12":1,"13":1,"14":1,"15":1,"16":1,"17":1,"18":1,"19":1,"20":1,"21":1,"22":1,"23":2,"24":0,"25":0,"26":1,"27":1,"28":1,"29":1,"30":2,"31":40,"32":40,"33":40,"34":40,"35":40,"36":40,"37":40,"38":40,"39":40,"40":40,"41":40,"42":40,"43":40,"44":40,"45":40,"46":40,"47":40,"48":40,"49":40,"50":40,"51":40,"52":1,"53":1,"54":39,"55":39,"56":39,"57":39,"58":39,"59":39,"60":39,"61":1,"62":1,"63":1},"branchMap":{"0":{"type":"branch","line":9,"loc":{"start":{"line":9,"column":7},"end":{"line":64,"column":1}},"locations":[{"start":{"line":9,"column":7},"end":{"line":64,"column":1}}]},"1":{"type":"branch","line":12,"loc":{"start":{"line":12,"column":17},"end":{"line":24,"column":14}},"locations":[{"start":{"line":12,"column":17},"end":{"line":24,"column":14}}]},"2":{"type":"branch","line":24,"loc":{"start":{"line":24,"column":14},"end":{"line":26,"column":3}},"locations":[{"start":{"line":24,"column":14},"end":{"line":26,"column":3}}]},"3":{"type":"branch","line":26,"loc":{"start":{"line":26,"column":2},"end":{"line":31,"column":30}},"locations":[{"start":{"line":26,"column":2},"end":{"line":31,"column":30}}]},"4":{"type":"branch","line":31,"loc":{"start":{"line":31,"column":30},"end":{"line":61,"column":3}},"locations":[{"start":{"line":31,"column":30},"end":{"line":61,"column":3}}]},"5":{"type":"branch","line":52,"loc":{"start":{"line":52,"column":77},"end":{"line":54,"column":5}},"locations":[{"start":{"line":52,"column":77},"end":{"line":54,"column":5}}]},"6":{"type":"branch","line":54,"loc":{"start":{"line":54,"column":4},"end":{"line":61,"column":3}},"locations":[{"start":{"line":54,"column":4},"end":{"line":61,"column":3}}]},"7":{"type":"branch","line":61,"loc":{"start":{"line":61,"column":2},"end":{"line":64,"column":1}},"locations":[{"start":{"line":61,"column":2},"end":{"line":64,"column":1}}]}},"b":{"0":[2],"1":[1],"2":[0],"3":[1],"4":[40],"5":[1],"6":[39],"7":[1]},"fnMap":{"0":{"name":"parseScheduleA","decl":{"start":{"line":9,"column":7},"end":{"line":64,"column":1}},"loc":{"start":{"line":9,"column":7},"end":{"line":64,"column":1}},"line":9}},"f":{"0":2}}
,"/Users/ishkaramkaur/Senior-Project/server/src/parsers/scheduleB.js": {"path":"/Users/ishkaramkaur/Senior-Project/server/src/parsers/scheduleB.js","all":false,"statementMap":{"0":{"start":{"line":1,"column":0},"end":{"line":1,"column":8}},"1":{"start":{"line":2,"column":0},"end":{"line":2,"column":18}},"2":{"start":{"line":3,"column":0},"end":{"line":3,"column":11}},"3":{"start":{"line":4,"column":0},"end":{"line":4,"column":18}},"4":{"start":{"line":5,"column":0},"end":{"line":5,"column":15}},"5":{"start":{"line":6,"column":0},"end":{"line":6,"column":17}},"6":{"start":{"line":7,"column":0},"end":{"line":7,"column":26}},"7":{"start":{"line":8,"column":0},"end":{"line":8,"column":0}},"8":{"start":{"line":9,"column":0},"end":{"line":9,"column":39}},"9":{"start":{"line":10,"column":0},"end":{"line":10,"column":39}},"10":{"start":{"line":11,"column":0},"end":{"line":11,"column":0}},"11":{"start":{"line":12,"column":0},"end":{"line":12,"column":18}},"12":{"start":{"line":13,"column":0},"end":{"line":13,"column":14}},"13":{"start":{"line":14,"column":0},"end":{"line":14,"column":3}},"14":{"start":{"line":15,"column":0},"end":{"line":15,"column":0}},"15":{"start":{"line":16,"column":0},"end":{"line":16,"column":43}},"16":{"start":{"line":17,"column":0},"end":{"line":17,"column":17}},"17":{"start":{"line":18,"column":0},"end":{"line":18,"column":18}},"18":{"start":{"line":19,"column":0},"end":{"line":19,"column":5}},"19":{"start":{"line":20,"column":0},"end":{"line":20,"column":0}},"20":{"start":{"line":21,"column":0},"end":{"line":21,"column":15}},"21":{"start":{"line":22,"column":0},"end":{"line":22,"column":14}},"22":{"start":{"line":23,"column":0},"end":{"line":23,"column":3}},"23":{"start":{"line":24,"column":0},"end":{"line":24,"column":0}},"24":{"start":{"line":25,"column":0},"end":{"line":25,"column":49}},"25":{"start":{"line":26,"column":0},"end":{"line":26,"column":44}},"26":{"start":{"line":27,"column":0},"end":{"line":27,"column":21}},"27":{"start":{"line":28,"column":0},"end":{"line":28,"column":0}},"28":{"start":{"line":29,"column":0},"end":{"line":29,"column":31}},"29":{"start":{"line":30,"column":0},"end":{"line":30,"column":47}},"30":{"start":{"line":31,"column":0},"end":{"line":31,"column":43}},"31":{"start":{"line":32,"column":0},"end":{"line":32,"column":60}},"32":{"start":{"line":33,"column":0},"end":{"line":33,"column":109}},"33":{"start":{"line":34,"column":0},"end":{"line":34,"column":44}},"34":{"start":{"line":35,"column":0},"end":{"line":35,"column":29}},"35":{"start":{"line":36,"column":0},"end":{"line":36,"column":22}},"36":{"start":{"line":37,"column":0},"end":{"line":37,"column":16}},"37":{"start":{"line":38,"column":0},"end":{"line":38,"column":17}},"38":{"start":{"line":39,"column":0},"end":{"line":39,"column":7}},"39":{"start":{"line":40,"column":0},"end":{"line":40,"column":0}},"40":{"start":{"line":41,"column":0},"end":{"line":41,"column":32}},"41":{"start":{"line":42,"column":0},"end":{"line":42,"column":13}},"42":{"start":{"line":43,"column":0},"end":{"line":43,"column":23}},"43":{"start":{"line":44,"column":0},"end":{"line":44,"column":43}},"44":{"start":{"line":45,"column":0},"end":{"line":45,"column":46}},"45":{"start":{"line":46,"column":0},"end":{"line":46,"column":7}},"46":{"start":{"line":47,"column":0},"end":{"line":47,"column":0}},"47":{"start":{"line":48,"column":0},"end":{"line":48,"column":34}},"48":{"start":{"line":49,"column":0},"end":{"line":49,"column":15}},"49":{"start":{"line":50,"column":0},"end":{"line":50,"column":45}},"50":{"start":{"line":51,"column":0},"end":{"line":51,"column":48}},"51":{"start":{"line":52,"column":0},"end":{"line":52,"column":7}},"52":{"start":{"line":53,"column":0},"end":{"line":53,"column":0}},"53":{"start":{"line":54,"column":0},"end":{"line":54,"column":43}},"54":{"start":{"line":55,"column":0},"end":{"line":55,"column":26}},"55":{"start":{"line":56,"column":0},"end":{"line":56,"column":55}},"56":{"start":{"line":57,"column":0},"end":{"line":57,"column":14}},"57":{"start":{"line":58,"column":0},"end":{"line":58,"column":12}},"58":{"start":{"line":59,"column":0},"end":{"line":59,"column":7}},"59":{"start":{"line":60,"column":0},"end":{"line":60,"column":0}},"60":{"start":{"line":61,"column":0},"end":{"line":61,"column":81}},"61":{"start":{"line":62,"column":0},"end":{"line":62,"column":15}},"62":{"start":{"line":63,"column":0},"end":{"line":63,"column":5}},"63":{"start":{"line":64,"column":0},"end":{"line":64,"column":0}},"64":{"start":{"line":65,"column":0},"end":{"line":65,"column":18}},"65":{"start":{"line":66,"column":0},"end":{"line":66,"column":26}},"66":{"start":{"line":67,"column":0},"end":{"line":67,"column":11}},"67":{"start":{"line":68,"column":0},"end":{"line":68,"column":13}},"68":{"start":{"line":69,"column":0},"end":{"line":69,"column":22}},"69":{"start":{"line":70,"column":0},"end":{"line":70,"column":7}},"70":{"start":{"line":71,"column":0},"end":{"line":71,"column":3}},"71":{"start":{"line":72,"column":0},"end":{"line":72,"column":0}},"72":{"start":{"line":73,"column":0},"end":{"line":73,"column":17}},"73":{"start":{"line":74,"column":0},"end":{"line":74,"column":1}}},"s":{"0":1,"1":1,"2":1,"3":1,"4":1,"5":1,"6":1,"7":1,"8":1,"9":2,"10":2,"11":2,"12":1,"13":1,"14":1,"15":1,"16":1,"17":1,"18":1,"19":1,"20":2,"21":0,"22":0,"23":1,"24":1,"25":1,"26":1,"27":1,"28":2,"29":16,"30":16,"31":16,"32":16,"33":16,"34":16,"35":16,"36":16,"37":16,"38":16,"39":16,"40":16,"41":16,"42":16,"43":16,"44":16,"45":16,"46":16,"47":16,"48":16,"49":16,"50":16,"51":16,"52":16,"53":16,"54":16,"55":16,"56":16,"57":16,"58":16,"59":16,"60":16,"61":1,"62":1,"63":15,"64":15,"65":15,"66":15,"67":15,"68":15,"69":15,"70":15,"71":1,"72":1,"73":1},"branchMap":{"0":{"type":"branch","line":9,"loc":{"start":{"line":9,"column":7},"end":{"line":74,"column":1}},"locations":[{"start":{"line":9,"column":7},"end":{"line":74,"column":1}}]},"1":{"type":"branch","line":12,"loc":{"start":{"line":12,"column":17},"end":{"line":21,"column":14}},"locations":[{"start":{"line":12,"column":17},"end":{"line":21,"column":14}}]},"2":{"type":"branch","line":21,"loc":{"start":{"line":21,"column":14},"end":{"line":23,"column":3}},"locations":[{"start":{"line":21,"column":14},"end":{"line":23,"column":3}}]},"3":{"type":"branch","line":23,"loc":{"start":{"line":23,"column":2},"end":{"line":29,"column":30}},"locations":[{"start":{"line":23,"column":2},"end":{"line":29,"column":30}}]},"4":{"type":"branch","line":29,"loc":{"start":{"line":29,"column":30},"end":{"line":71,"column":3}},"locations":[{"start":{"line":29,"column":30},"end":{"line":71,"column":3}}]},"5":{"type":"branch","line":61,"loc":{"start":{"line":61,"column":80},"end":{"line":63,"column":5}},"locations":[{"start":{"line":61,"column":80},"end":{"line":63,"column":5}}]},"6":{"type":"branch","line":63,"loc":{"start":{"line":63,"column":4},"end":{"line":71,"column":3}},"locations":[{"start":{"line":63,"column":4},"end":{"line":71,"column":3}}]},"7":{"type":"branch","line":71,"loc":{"start":{"line":71,"column":2},"end":{"line":74,"column":1}},"locations":[{"start":{"line":71,"column":2},"end":{"line":74,"column":1}}]}},"b":{"0":[2],"1":[1],"2":[0],"3":[1],"4":[16],"5":[1],"6":[15],"7":[1]},"fnMap":{"0":{"name":"parseScheduleB","decl":{"start":{"line":9,"column":7},"end":{"line":74,"column":1}},"loc":{"start":{"line":9,"column":7},"end":{"line":74,"column":1}},"line":9}},"f":{"0":2}}
,"/Users/ishkaramkaur/Senior-Project/server/src/parsers/scheduleCDE.js": {"path":"/Users/ishkaramkaur/Senior-Project/server/src/parsers/scheduleCDE.js","all":false,"statementMap":{"0":{"start":{"line":1,"column":0},"end":{"line":1,"column":8}},"1":{"start":{"line":2,"column":0},"end":{"line":2,"column":11}},"2":{"start":{"line":3,"column":0},"end":{"line":3,"column":18}},"3":{"start":{"line":4,"column":0},"end":{"line":4,"column":15}},"4":{"start":{"line":5,"column":0},"end":{"line":5,"column":18}},"5":{"start":{"line":6,"column":0},"end":{"line":6,"column":17}},"6":{"start":{"line":7,"column":0},"end":{"line":7,"column":26}},"7":{"start":{"line":8,"column":0},"end":{"line":8,"column":0}},"8":{"start":{"line":9,"column":0},"end":{"line":9,"column":41}},"9":{"start":{"line":10,"column":0},"end":{"line":10,"column":39}},"10":{"start":{"line":11,"column":0},"end":{"line":11,"column":0}},"11":{"start":{"line":12,"column":0},"end":{"line":12,"column":57}},"12":{"start":{"line":13,"column":0},"end":{"line":13,"column":14}},"13":{"start":{"line":14,"column":0},"end":{"line":14,"column":3}},"14":{"start":{"line":15,"column":0},"end":{"line":15,"column":0}},"15":{"start":{"line":16,"column":0},"end":{"line":16,"column":66}},"16":{"start":{"line":17,"column":0},"end":{"line":17,"column":54}},"17":{"start":{"line":18,"column":0},"end":{"line":18,"column":0}},"18":{"start":{"line":19,"column":0},"end":{"line":19,"column":12}},"19":{"start":{"line":20,"column":0},"end":{"line":20,"column":46}},"20":{"start":{"line":21,"column":0},"end":{"line":21,"column":46}},"21":{"start":{"line":22,"column":0},"end":{"line":22,"column":46}},"22":{"start":{"line":23,"column":0},"end":{"line":23,"column":31}},"23":{"start":{"line":24,"column":0},"end":{"line":24,"column":31}},"24":{"start":{"line":25,"column":0},"end":{"line":25,"column":28}},"25":{"start":{"line":26,"column":0},"end":{"line":26,"column":6}},"26":{"start":{"line":27,"column":0},"end":{"line":27,"column":5}},"27":{"start":{"line":28,"column":0},"end":{"line":28,"column":0}},"28":{"start":{"line":29,"column":0},"end":{"line":29,"column":34}},"29":{"start":{"line":30,"column":0},"end":{"line":30,"column":14}},"30":{"start":{"line":31,"column":0},"end":{"line":31,"column":3}},"31":{"start":{"line":32,"column":0},"end":{"line":32,"column":0}},"32":{"start":{"line":33,"column":0},"end":{"line":33,"column":21}},"33":{"start":{"line":34,"column":0},"end":{"line":34,"column":0}},"34":{"start":{"line":35,"column":0},"end":{"line":35,"column":41}},"35":{"start":{"line":36,"column":0},"end":{"line":36,"column":45}},"36":{"start":{"line":37,"column":0},"end":{"line":37,"column":0}},"37":{"start":{"line":38,"column":0},"end":{"line":38,"column":17}},"38":{"start":{"line":39,"column":0},"end":{"line":39,"column":15}},"39":{"start":{"line":40,"column":0},"end":{"line":40,"column":5}},"40":{"start":{"line":41,"column":0},"end":{"line":41,"column":0}},"41":{"start":{"line":42,"column":0},"end":{"line":42,"column":59}},"42":{"start":{"line":43,"column":0},"end":{"line":43,"column":0}},"43":{"start":{"line":44,"column":0},"end":{"line":44,"column":27}},"44":{"start":{"line":45,"column":0},"end":{"line":45,"column":53}},"45":{"start":{"line":46,"column":0},"end":{"line":46,"column":25}},"46":{"start":{"line":47,"column":0},"end":{"line":47,"column":60}},"47":{"start":{"line":48,"column":0},"end":{"line":48,"column":25}},"48":{"start":{"line":49,"column":0},"end":{"line":49,"column":60}},"49":{"start":{"line":50,"column":0},"end":{"line":50,"column":25}},"50":{"start":{"line":51,"column":0},"end":{"line":51,"column":5}},"51":{"start":{"line":52,"column":0},"end":{"line":52,"column":0}},"52":{"start":{"line":53,"column":0},"end":{"line":53,"column":59}},"53":{"start":{"line":54,"column":0},"end":{"line":54,"column":0}},"54":{"start":{"line":55,"column":0},"end":{"line":55,"column":33}},"55":{"start":{"line":56,"column":0},"end":{"line":56,"column":40}},"56":{"start":{"line":57,"column":0},"end":{"line":57,"column":25}},"57":{"start":{"line":58,"column":0},"end":{"line":58,"column":17}},"58":{"start":{"line":59,"column":0},"end":{"line":59,"column":24}},"59":{"start":{"line":60,"column":0},"end":{"line":60,"column":22}},"60":{"start":{"line":61,"column":0},"end":{"line":61,"column":24}},"61":{"start":{"line":62,"column":0},"end":{"line":62,"column":15}},"62":{"start":{"line":63,"column":0},"end":{"line":63,"column":9}},"63":{"start":{"line":64,"column":0},"end":{"line":64,"column":0}},"64":{"start":{"line":65,"column":0},"end":{"line":65,"column":36}},"65":{"start":{"line":66,"column":0},"end":{"line":66,"column":32}},"66":{"start":{"line":67,"column":0},"end":{"line":67,"column":16}},"67":{"start":{"line":68,"column":0},"end":{"line":68,"column":17}},"68":{"start":{"line":69,"column":0},"end":{"line":69,"column":23}},"69":{"start":{"line":70,"column":0},"end":{"line":70,"column":9}},"70":{"start":{"line":71,"column":0},"end":{"line":71,"column":0}},"71":{"start":{"line":72,"column":0},"end":{"line":72,"column":61}},"72":{"start":{"line":73,"column":0},"end":{"line":73,"column":0}},"73":{"start":{"line":74,"column":0},"end":{"line":74,"column":51}},"74":{"start":{"line":75,"column":0},"end":{"line":75,"column":17}},"75":{"start":{"line":76,"column":0},"end":{"line":76,"column":7}},"76":{"start":{"line":77,"column":0},"end":{"line":77,"column":0}},"77":{"start":{"line":78,"column":0},"end":{"line":78,"column":20}},"78":{"start":{"line":79,"column":0},"end":{"line":79,"column":19}},"79":{"start":{"line":80,"column":0},"end":{"line":80,"column":15}},"80":{"start":{"line":81,"column":0},"end":{"line":81,"column":21}},"81":{"start":{"line":82,"column":0},"end":{"line":82,"column":9}},"82":{"start":{"line":83,"column":0},"end":{"line":83,"column":5}},"83":{"start":{"line":84,"column":0},"end":{"line":84,"column":3}},"84":{"start":{"line":85,"column":0},"end":{"line":85,"column":0}},"85":{"start":{"line":86,"column":0},"end":{"line":86,"column":17}},"86":{"start":{"line":87,"column":0},"end":{"line":87,"column":1}},"87":{"start":{"line":88,"column":0},"end":{"line":88,"column":0}},"88":{"start":{"line":89,"column":0},"end":{"line":89,"column":44}},"89":{"start":{"line":90,"column":0},"end":{"line":90,"column":57}},"90":{"start":{"line":91,"column":0},"end":{"line":91,"column":0}},"91":{"start":{"line":92,"column":0},"end":{"line":92,"column":82}},"92":{"start":{"line":93,"column":0},"end":{"line":93,"column":15}},"93":{"start":{"line":94,"column":0},"end":{"line":94,"column":3}},"94":{"start":{"line":95,"column":0},"end":{"line":95,"column":0}},"95":{"start":{"line":96,"column":0},"end":{"line":96,"column":82}},"96":{"start":{"line":97,"column":0},"end":{"line":97,"column":15}},"97":{"start":{"line":98,"column":0},"end":{"line":98,"column":3}},"98":{"start":{"line":99,"column":0},"end":{"line":99,"column":0}},"99":{"start":{"line":100,"column":0},"end":{"line":100,"column":82}},"100":{"start":{"line":101,"column":0},"end":{"line":101,"column":15}},"101":{"start":{"line":102,"column":0},"end":{"line":102,"column":3}},"102":{"start":{"line":103,"column":0},"end":{"line":103,"column":0}},"103":{"start":{"line":104,"column":0},"end":{"line":104,"column":66}},"104":{"start":{"line":105,"column":0},"end":{"line":105,"column":0}},"105":{"start":{"line":106,"column":0},"end":{"line":106,"column":35}},"106":{"start":{"line":107,"column":0},"end":{"line":107,"column":15}},"107":{"start":{"line":108,"column":0},"end":{"line":108,"column":3}},"108":{"start":{"line":109,"column":0},"end":{"line":109,"column":0}},"109":{"start":{"line":110,"column":0},"end":{"line":110,"column":33}},"110":{"start":{"line":111,"column":0},"end":{"line":111,"column":15}},"111":{"start":{"line":112,"column":0},"end":{"line":112,"column":3}},"112":{"start":{"line":113,"column":0},"end":{"line":113,"column":0}},"113":{"start":{"line":114,"column":0},"end":{"line":114,"column":35}},"114":{"start":{"line":115,"column":0},"end":{"line":115,"column":15}},"115":{"start":{"line":116,"column":0},"end":{"line":116,"column":3}},"116":{"start":{"line":117,"column":0},"end":{"line":117,"column":0}},"117":{"start":{"line":118,"column":0},"end":{"line":118,"column":15}},"118":{"start":{"line":119,"column":0},"end":{"line":119,"column":1}}},"s":{"0":1,"1":1,"2":1,"3":1,"4":1,"5":1,"6":1,"7":1,"8":1,"9":2,"10":2,"11":2,"12":1,"13":1,"14":1,"15":1,"16":6,"17":6,"18":6,"19":6,"20":6,"21":6,"22":6,"23":6,"24":3,"25":6,"26":1,"27":1,"28":2,"29":0,"30":0,"31":1,"32":1,"33":1,"34":2,"35":3,"36":3,"37":3,"38":0,"39":0,"40":3,"41":3,"42":3,"43":3,"44":3,"45":1,"46":3,"47":1,"48":1,"49":1,"50":1,"51":3,"52":3,"53":3,"54":3,"55":26,"56":26,"57":26,"58":26,"59":26,"60":26,"61":26,"62":26,"63":26,"64":26,"65":26,"66":26,"67":26,"68":26,"69":26,"70":26,"71":26,"72":26,"73":26,"74":2,"75":2,"76":24,"77":24,"78":24,"79":24,"80":24,"81":24,"82":24,"83":3,"84":1,"85":1,"86":1,"87":1,"88":26,"89":26,"90":26,"91":26,"92":17,"93":17,"94":9,"95":26,"96":6,"97":6,"98":3,"99":26,"100":3,"101":3,"102":0,"103":0,"104":0,"105":0,"106":0,"107":0,"108":0,"109":0,"110":0,"111":0,"112":0,"113":0,"114":0,"115":0,"116":0,"117":0,"118":0},"branchMap":{"0":{"type":"branch","line":9,"loc":{"start":{"line":9,"column":7},"end":{"line":87,"column":1}},"locations":[{"start":{"line":9,"column":7},"end":{"line":87,"column":1}}]},"1":{"type":"branch","line":12,"loc":{"start":{"line":12,"column":16},"end":{"line":12,"column":54}},"locations":[{"start":{"line":12,"column":16},"end":{"line":12,"column":54}}]},"2":{"type":"branch","line":12,"loc":{"start":{"line":12,"column":56},"end":{"line":29,"column":33}},"locations":[{"start":{"line":12,"column":56},"end":{"line":29,"column":33}}]},"3":{"type":"branch","line":29,"loc":{"start":{"line":29,"column":33},"end":{"line":31,"column":3}},"locations":[{"start":{"line":29,"column":33},"end":{"line":31,"column":3}}]},"4":{"type":"branch","line":31,"loc":{"start":{"line":31,"column":2},"end":{"line":35,"column":40}},"locations":[{"start":{"line":31,"column":2},"end":{"line":35,"column":40}}]},"5":{"type":"branch","line":35,"loc":{"start":{"line":35,"column":40},"end":{"line":84,"column":3}},"locations":[{"start":{"line":35,"column":40},"end":{"line":84,"column":3}}]},"6":{"type":"branch","line":38,"loc":{"start":{"line":38,"column":16},"end":{"line":40,"column":5}},"locations":[{"start":{"line":38,"column":16},"end":{"line":40,"column":5}}]},"7":{"type":"branch","line":45,"loc":{"start":{"line":45,"column":52},"end":{"line":47,"column":5}},"locations":[{"start":{"line":45,"column":52},"end":{"line":47,"column":5}}]},"8":{"type":"branch","line":47,"loc":{"start":{"line":47,"column":5},"end":{"line":51,"column":5}},"locations":[{"start":{"line":47,"column":5},"end":{"line":51,"column":5}}]},"9":{"type":"branch","line":47,"loc":{"start":{"line":47,"column":59},"end":{"line":51,"column":5}},"locations":[{"start":{"line":47,"column":59},"end":{"line":51,"column":5}}]},"10":{"type":"branch","line":55,"loc":{"start":{"line":55,"column":32},"end":{"line":83,"column":5}},"locations":[{"start":{"line":55,"column":32},"end":{"line":83,"column":5}}]},"11":{"type":"branch","line":74,"loc":{"start":{"line":74,"column":50},"end":{"line":76,"column":7}},"locations":[{"start":{"line":74,"column":50},"end":{"line":76,"column":7}}]},"12":{"type":"branch","line":76,"loc":{"start":{"line":76,"column":6},"end":{"line":83,"column":5}},"locations":[{"start":{"line":76,"column":6},"end":{"line":83,"column":5}}]},"13":{"type":"branch","line":84,"loc":{"start":{"line":84,"column":2},"end":{"line":87,"column":1}},"locations":[{"start":{"line":84,"column":2},"end":{"line":87,"column":1}}]},"14":{"type":"branch","line":16,"loc":{"start":{"line":16,"column":50},"end":{"line":27,"column":3}},"locations":[{"start":{"line":16,"column":50},"end":{"line":27,"column":3}}]},"15":{"type":"branch","line":20,"loc":{"start":{"line":20,"column":44},"end":{"line":21,"column":43}},"locations":[{"start":{"line":20,"column":44},"end":{"line":21,"column":43}}]},"16":{"type":"branch","line":21,"loc":{"start":{"line":21,"column":44},"end":{"line":22,"column":43}},"locations":[{"start":{"line":21,"column":44},"end":{"line":22,"column":43}}]},"17":{"type":"branch","line":22,"loc":{"start":{"line":22,"column":44},"end":{"line":23,"column":28}},"locations":[{"start":{"line":22,"column":44},"end":{"line":23,"column":28}}]},"18":{"type":"branch","line":23,"loc":{"start":{"line":23,"column":29},"end":{"line":24,"column":28}},"locations":[{"start":{"line":23,"column":29},"end":{"line":24,"column":28}}]},"19":{"type":"branch","line":24,"loc":{"start":{"line":24,"column":29},"end":{"line":25,"column":28}},"locations":[{"start":{"line":24,"column":29},"end":{"line":25,"column":28}}]},"20":{"type":"branch","line":89,"loc":{"start":{"line":89,"column":0},"end":{"line":119,"column":1}},"locations":[{"start":{"line":89,"column":0},"end":{"line":119,"column":1}}]},"21":{"type":"branch","line":92,"loc":{"start":{"line":92,"column":49},"end":{"line":92,"column":79}},"locations":[{"start":{"line":92,"column":49},"end":{"line":92,"column":79}}]},"22":{"type":"branch","line":92,"loc":{"start":{"line":92,"column":81},"end":{"line":94,"column":3}},"locations":[{"start":{"line":92,"column":81},"end":{"line":94,"column":3}}]},"23":{"type":"branch","line":94,"loc":{"start":{"line":94,"column":2},"end":{"line":96,"column":49}},"locations":[{"start":{"line":94,"column":2},"end":{"line":96,"column":49}}]},"24":{"type":"branch","line":96,"loc":{"start":{"line":96,"column":49},"end":{"line":96,"column":79}},"locations":[{"start":{"line":96,"column":49},"end":{"line":96,"column":79}}]},"25":{"type":"branch","line":96,"loc":{"start":{"line":96,"column":81},"end":{"line":98,"column":3}},"locations":[{"start":{"line":96,"column":81},"end":{"line":98,"column":3}}]},"26":{"type":"branch","line":98,"loc":{"start":{"line":98,"column":2},"end":{"line":100,"column":49}},"locations":[{"start":{"line":98,"column":2},"end":{"line":100,"column":49}}]},"27":{"type":"branch","line":100,"loc":{"start":{"line":100,"column":49},"end":{"line":100,"column":79}},"locations":[{"start":{"line":100,"column":49},"end":{"line":100,"column":79}}]},"28":{"type":"branch","line":100,"loc":{"start":{"line":100,"column":81},"end":{"line":102,"column":3}},"locations":[{"start":{"line":100,"column":81},"end":{"line":102,"column":3}}]},"29":{"type":"branch","line":102,"loc":{"start":{"line":102,"column":2},"end":{"line":119,"column":1}},"locations":[{"start":{"line":102,"column":2},"end":{"line":119,"column":1}}]}},"b":{"0":[2],"1":[1],"2":[1],"3":[0],"4":[1],"5":[3],"6":[0],"7":[1],"8":[2],"9":[1],"10":[26],"11":[2],"12":[24],"13":[1],"14":[6],"15":[5],"16":[4],"17":[3],"18":[3],"19":[3],"20":[26],"21":[9],"22":[17],"23":[9],"24":[3],"25":[6],"26":[3],"27":[0],"28":[3],"29":[0]},"fnMap":{"0":{"name":"parseScheduleCDE","decl":{"start":{"line":9,"column":7},"end":{"line":87,"column":1}},"loc":{"start":{"line":9,"column":7},"end":{"line":87,"column":1}},"line":9},"1":{"name":"inferScheduleType","decl":{"start":{"line":89,"column":0},"end":{"line":119,"column":1}},"loc":{"start":{"line":89,"column":0},"end":{"line":119,"column":1}},"line":89}},"f":{"0":2,"1":26}}
}
